<?xml version="1.0" encoding="UTF-8"?>
<!-- Generated by org.testng.reporters.JUnitXMLReporter -->
<testsuite ignored="0" hostname="IITMSPC75" failures="0" tests="8" name="Test" time="0.077" errors="0" timestamp="2023-04-07T16:46:59 IST">
  <testcase classname="academicui.Login" name="LogOut" time="0.006"/>
  <testcase classname="academicui.Login" name="LoginTest" time="0.002"/>
  <testcase classname="academicui.Grpoudemotest" name="atest1R" time="0.001"/>
  <testcase classname="academicui.Grpoudemotest" name="btest1" time="0.002"/>
  <testcase classname="academicui.Grpoudemotest" name="btest2" time="0.001"/>
  <testcase classname="academicui.Grpoudemotest" name="atest2R" time="0.002"/>
  <testcase classname="academicui.Grpoudemotest" name="btest3" time="0.002"/>
  <testcase classname="academicui.Grpoudemotest" name="btest4" time="0.001"/>
</testsuite> <!-- Test -->
