<?xml version="1.0" encoding="UTF-8"?>
<!-- Generated by org.testng.reporters.JUnitXMLReporter -->
<testsuite ignored="3" hostname="IITMSPC75" failures="0" tests="3" name="GRP-bvt" time="0.059" errors="0" timestamp="2023-04-07T16:47:21 IST">
  <testcase classname="academicui.Grpoudemotest" name="btest1" time="0.011"/>
  <testcase classname="academicui.Grpoudemotest" name="btest2" time="0.001"/>
  <testcase classname="academicui.Grpoudemotest" name="btest3" time="0.001"/>
  <testcase classname="academicui.Grpoudemotest" name="atest2R" time="0.0">
    <ignored/>
  </testcase> <!-- atest2R -->
  <testcase classname="academicui.Grpoudemotest" name="atest1R" time="0.0">
    <ignored/>
  </testcase> <!-- atest1R -->
  <testcase classname="academicui.Grpoudemotest" name="btest4" time="0.0">
    <ignored/>
  </testcase> <!-- btest4 -->
</testsuite> <!-- GRP-bvt -->
