<?xml version="1.0" encoding="UTF-8"?>
<!-- Generated by org.testng.reporters.JUnitXMLReporter -->
<testsuite ignored="0" hostname="IITMSPC75" failures="0" tests="6" name="GRP-user registration" time="0.069" errors="0" timestamp="2023-04-07T16:35:55 IST">
  <testcase classname="academicui.Grpoudemotest" name="atest1R" time="0.011"/>
  <testcase classname="academicui.Grpoudemotest" name="btest1" time="0.001"/>
  <testcase classname="academicui.Grpoudemotest" name="btest2" time="0.001"/>
  <testcase classname="academicui.Grpoudemotest" name="atest2R" time="0.002"/>
  <testcase classname="academicui.Grpoudemotest" name="btest3" time="0.002"/>
  <testcase classname="academicui.Grpoudemotest" name="btest4" time="0.001"/>
</testsuite> <!-- GRP-user registration -->
